<?xml version="1.0" encoding="UTF-8"?>
<!-- Generated by org.testng.reporters.JUnitXMLReporter -->
<testsuite ignored="0" hostname="Agam-PC" failures="0" tests="100" name="Test1" time="1945.036" errors="0" timestamp="2023-01-26T22:30:28 IST">
  <testcase classname="IQ.IQ.FirstClass" name="methodOne" time="25.191"/>
  <testcase classname="IQ.IQ.FirstClass" name="methodOne" time="19.951"/>
  <testcase classname="IQ.IQ.FirstClass" name="methodOne" time="19.177"/>
  <testcase classname="IQ.IQ.FirstClass" name="methodOne" time="18.298"/>
  <testcase classname="IQ.IQ.FirstClass" name="methodOne" time="18.097"/>
  <testcase classname="IQ.IQ.FirstClass" name="methodOne" time="17.732"/>
  <testcase classname="IQ.IQ.FirstClass" name="methodOne" time="17.482"/>
  <testcase classname="IQ.IQ.FirstClass" name="methodOne" time="17.545"/>
  <testcase classname="IQ.IQ.FirstClass" name="methodOne" time="17.762"/>
  <testcase classname="IQ.IQ.FirstClass" name="methodOne" time="18.401"/>
  <testcase classname="IQ.IQ.FirstClass" name="methodOne" time="19.507"/>
  <testcase classname="IQ.IQ.FirstClass" name="methodOne" time="18.58"/>
  <testcase classname="IQ.IQ.FirstClass" name="methodOne" time="20.273"/>
  <testcase classname="IQ.IQ.FirstClass" name="methodOne" time="20.036"/>
  <testcase classname="IQ.IQ.FirstClass" name="methodOne" time="18.943"/>
  <testcase classname="IQ.IQ.FirstClass" name="methodOne" time="18.182"/>
  <testcase classname="IQ.IQ.FirstClass" name="methodOne" time="19.131"/>
  <testcase classname="IQ.IQ.FirstClass" name="methodOne" time="18.825"/>
  <testcase classname="IQ.IQ.FirstClass" name="methodOne" time="17.889"/>
  <testcase classname="IQ.IQ.FirstClass" name="methodOne" time="17.946"/>
  <testcase classname="IQ.IQ.FirstClass" name="methodOne" time="18.805"/>
  <testcase classname="IQ.IQ.FirstClass" name="methodOne" time="18.127"/>
  <testcase classname="IQ.IQ.FirstClass" name="methodOne" time="17.978"/>
  <testcase classname="IQ.IQ.FirstClass" name="methodOne" time="17.809"/>
  <testcase classname="IQ.IQ.FirstClass" name="methodOne" time="18.249"/>
  <testcase classname="IQ.IQ.FirstClass" name="methodOne" time="17.967"/>
  <testcase classname="IQ.IQ.FirstClass" name="methodOne" time="18.967"/>
  <testcase classname="IQ.IQ.FirstClass" name="methodOne" time="18.22"/>
  <testcase classname="IQ.IQ.FirstClass" name="methodOne" time="18.098"/>
  <testcase classname="IQ.IQ.FirstClass" name="methodOne" time="19.806"/>
  <testcase classname="IQ.IQ.FirstClass" name="methodOne" time="18.798"/>
  <testcase classname="IQ.IQ.FirstClass" name="methodOne" time="19.07"/>
  <testcase classname="IQ.IQ.FirstClass" name="methodOne" time="19.572"/>
  <testcase classname="IQ.IQ.FirstClass" name="methodOne" time="19.292"/>
  <testcase classname="IQ.IQ.FirstClass" name="methodOne" time="19.733"/>
  <testcase classname="IQ.IQ.FirstClass" name="methodOne" time="19.284"/>
  <testcase classname="IQ.IQ.FirstClass" name="methodOne" time="18.616"/>
  <testcase classname="IQ.IQ.FirstClass" name="methodOne" time="17.8"/>
  <testcase classname="IQ.IQ.FirstClass" name="methodOne" time="18.946"/>
  <testcase classname="IQ.IQ.FirstClass" name="methodOne" time="18.503"/>
  <testcase classname="IQ.IQ.FirstClass" name="methodOne" time="17.922"/>
  <testcase classname="IQ.IQ.FirstClass" name="methodOne" time="18.082"/>
  <testcase classname="IQ.IQ.FirstClass" name="methodOne" time="18.045"/>
  <testcase classname="IQ.IQ.FirstClass" name="methodOne" time="18.924"/>
  <testcase classname="IQ.IQ.FirstClass" name="methodOne" time="18.898"/>
  <testcase classname="IQ.IQ.FirstClass" name="methodOne" time="18.672"/>
  <testcase classname="IQ.IQ.FirstClass" name="methodOne" time="17.861"/>
  <testcase classname="IQ.IQ.FirstClass" name="methodOne" time="18.173"/>
  <testcase classname="IQ.IQ.FirstClass" name="methodOne" time="18.067"/>
  <testcase classname="IQ.IQ.FirstClass" name="methodOne" time="19.043"/>
  <testcase classname="IQ.IQ.FirstClass" name="methodOne" time="18.151"/>
  <testcase classname="IQ.IQ.FirstClass" name="methodOne" time="19.999"/>
  <testcase classname="IQ.IQ.FirstClass" name="methodOne" time="20.264"/>
  <testcase classname="IQ.IQ.FirstClass" name="methodOne" time="19.785"/>
  <testcase classname="IQ.IQ.FirstClass" name="methodOne" time="19.367"/>
  <testcase classname="IQ.IQ.FirstClass" name="methodOne" time="18.165"/>
  <testcase classname="IQ.IQ.FirstClass" name="methodOne" time="20.578"/>
  <testcase classname="IQ.IQ.FirstClass" name="methodOne" time="18.089"/>
  <testcase classname="IQ.IQ.FirstClass" name="methodOne" time="18.226"/>
  <testcase classname="IQ.IQ.FirstClass" name="methodOne" time="18.516"/>
  <testcase classname="IQ.IQ.FirstClass" name="methodOne" time="19.705"/>
  <testcase classname="IQ.IQ.FirstClass" name="methodOne" time="19.526"/>
  <testcase classname="IQ.IQ.FirstClass" name="methodOne" time="19.54"/>
  <testcase classname="IQ.IQ.FirstClass" name="methodOne" time="18.904"/>
  <testcase classname="IQ.IQ.FirstClass" name="methodOne" time="19.232"/>
  <testcase classname="IQ.IQ.FirstClass" name="methodOne" time="19.256"/>
  <testcase classname="IQ.IQ.FirstClass" name="methodOne" time="19.806"/>
  <testcase classname="IQ.IQ.FirstClass" name="methodOne" time="19.006"/>
  <testcase classname="IQ.IQ.FirstClass" name="methodOne" time="19.327"/>
  <testcase classname="IQ.IQ.FirstClass" name="methodOne" time="18.987"/>
  <testcase classname="IQ.IQ.FirstClass" name="methodOne" time="19.319"/>
  <testcase classname="IQ.IQ.FirstClass" name="methodOne" time="22.803"/>
  <testcase classname="IQ.IQ.FirstClass" name="methodOne" time="21.801"/>
  <testcase classname="IQ.IQ.FirstClass" name="methodOne" time="19.889"/>
  <testcase classname="IQ.IQ.FirstClass" name="methodOne" time="19.184"/>
  <testcase classname="IQ.IQ.FirstClass" name="methodOne" time="19.942"/>
  <testcase classname="IQ.IQ.FirstClass" name="methodOne" time="19.887"/>
  <testcase classname="IQ.IQ.FirstClass" name="methodOne" time="18.615"/>
  <testcase classname="IQ.IQ.FirstClass" name="methodOne" time="20.262"/>
  <testcase classname="IQ.IQ.FirstClass" name="methodOne" time="19.364"/>
  <testcase classname="IQ.IQ.FirstClass" name="methodOne" time="21.129"/>
  <testcase classname="IQ.IQ.FirstClass" name="methodOne" time="20.094"/>
  <testcase classname="IQ.IQ.FirstClass" name="methodOne" time="19.775"/>
  <testcase classname="IQ.IQ.FirstClass" name="methodOne" time="17.911"/>
  <testcase classname="IQ.IQ.FirstClass" name="methodOne" time="18.664"/>
  <testcase classname="IQ.IQ.FirstClass" name="methodOne" time="21.163"/>
  <testcase classname="IQ.IQ.FirstClass" name="methodOne" time="19.416"/>
  <testcase classname="IQ.IQ.FirstClass" name="methodOne" time="18.856"/>
  <testcase classname="IQ.IQ.FirstClass" name="methodOne" time="18.117"/>
  <testcase classname="IQ.IQ.FirstClass" name="methodOne" time="18.86"/>
  <testcase classname="IQ.IQ.FirstClass" name="methodOne" time="18.386"/>
  <testcase classname="IQ.IQ.FirstClass" name="methodOne" time="36.117"/>
  <testcase classname="IQ.IQ.FirstClass" name="methodOne" time="24.743"/>
  <testcase classname="IQ.IQ.FirstClass" name="methodOne" time="19.232"/>
  <testcase classname="IQ.IQ.FirstClass" name="methodOne" time="21.63"/>
  <testcase classname="IQ.IQ.FirstClass" name="methodOne" time="23.818"/>
  <testcase classname="IQ.IQ.FirstClass" name="methodOne" time="20.029"/>
  <testcase classname="IQ.IQ.FirstClass" name="methodOne" time="19.297"/>
  <testcase classname="IQ.IQ.FirstClass" name="methodOne" time="23.005"/>
  <testcase classname="IQ.IQ.FirstClass" name="methodOne" time="22.835"/>
</testsuite> <!-- Test1 -->
