<?xml version="1.0" encoding="UTF-8"?>
<!-- Generated by org.testng.reporters.JUnitXMLReporter -->
<testsuite ignored="0" hostname="Agam-PC" failures="0" tests="100" name="Test" time="1956.32" errors="0" timestamp="2023-01-26T22:30:39 IST">
  <testcase classname="IQ.IQ.FirstClass" name="methodOne" time="27.193"/>
  <testcase classname="IQ.IQ.FirstClass" name="methodOne" time="20.408"/>
  <testcase classname="IQ.IQ.FirstClass" name="methodOne" time="20.098"/>
  <testcase classname="IQ.IQ.FirstClass" name="methodOne" time="19.706"/>
  <testcase classname="IQ.IQ.FirstClass" name="methodOne" time="18.596"/>
  <testcase classname="IQ.IQ.FirstClass" name="methodOne" time="18.956"/>
  <testcase classname="IQ.IQ.FirstClass" name="methodOne" time="18.767"/>
  <testcase classname="IQ.IQ.FirstClass" name="methodOne" time="18.711"/>
  <testcase classname="IQ.IQ.FirstClass" name="methodOne" time="18.644"/>
  <testcase classname="IQ.IQ.FirstClass" name="methodOne" time="19.262"/>
  <testcase classname="IQ.IQ.FirstClass" name="methodOne" time="20.26"/>
  <testcase classname="IQ.IQ.FirstClass" name="methodOne" time="19.65"/>
  <testcase classname="IQ.IQ.FirstClass" name="methodOne" time="20.065"/>
  <testcase classname="IQ.IQ.FirstClass" name="methodOne" time="18.453"/>
  <testcase classname="IQ.IQ.FirstClass" name="methodOne" time="18.055"/>
  <testcase classname="IQ.IQ.FirstClass" name="methodOne" time="17.584"/>
  <testcase classname="IQ.IQ.FirstClass" name="methodOne" time="18.112"/>
  <testcase classname="IQ.IQ.FirstClass" name="methodOne" time="18.096"/>
  <testcase classname="IQ.IQ.FirstClass" name="methodOne" time="18.12"/>
  <testcase classname="IQ.IQ.FirstClass" name="methodOne" time="19.399"/>
  <testcase classname="IQ.IQ.FirstClass" name="methodOne" time="18.47"/>
  <testcase classname="IQ.IQ.FirstClass" name="methodOne" time="18.592"/>
  <testcase classname="IQ.IQ.FirstClass" name="methodOne" time="17.721"/>
  <testcase classname="IQ.IQ.FirstClass" name="methodOne" time="18.049"/>
  <testcase classname="IQ.IQ.FirstClass" name="methodOne" time="18.219"/>
  <testcase classname="IQ.IQ.FirstClass" name="methodOne" time="18.669"/>
  <testcase classname="IQ.IQ.FirstClass" name="methodOne" time="18.104"/>
  <testcase classname="IQ.IQ.FirstClass" name="methodOne" time="18.63"/>
  <testcase classname="IQ.IQ.FirstClass" name="methodOne" time="18.4"/>
  <testcase classname="IQ.IQ.FirstClass" name="methodOne" time="19.613"/>
  <testcase classname="IQ.IQ.FirstClass" name="methodOne" time="18.806"/>
  <testcase classname="IQ.IQ.FirstClass" name="methodOne" time="19.619"/>
  <testcase classname="IQ.IQ.FirstClass" name="methodOne" time="19.628"/>
  <testcase classname="IQ.IQ.FirstClass" name="methodOne" time="19.643"/>
  <testcase classname="IQ.IQ.FirstClass" name="methodOne" time="17.442"/>
  <testcase classname="IQ.IQ.FirstClass" name="methodOne" time="18.248"/>
  <testcase classname="IQ.IQ.FirstClass" name="methodOne" time="17.484"/>
  <testcase classname="IQ.IQ.FirstClass" name="methodOne" time="17.453"/>
  <testcase classname="IQ.IQ.FirstClass" name="methodOne" time="17.772"/>
  <testcase classname="IQ.IQ.FirstClass" name="methodOne" time="18.802"/>
  <testcase classname="IQ.IQ.FirstClass" name="methodOne" time="18.201"/>
  <testcase classname="IQ.IQ.FirstClass" name="methodOne" time="18.676"/>
  <testcase classname="IQ.IQ.FirstClass" name="methodOne" time="18.388"/>
  <testcase classname="IQ.IQ.FirstClass" name="methodOne" time="18.505"/>
  <testcase classname="IQ.IQ.FirstClass" name="methodOne" time="18.051"/>
  <testcase classname="IQ.IQ.FirstClass" name="methodOne" time="18.866"/>
  <testcase classname="IQ.IQ.FirstClass" name="methodOne" time="19.804"/>
  <testcase classname="IQ.IQ.FirstClass" name="methodOne" time="18.253"/>
  <testcase classname="IQ.IQ.FirstClass" name="methodOne" time="18.051"/>
  <testcase classname="IQ.IQ.FirstClass" name="methodOne" time="18.028"/>
  <testcase classname="IQ.IQ.FirstClass" name="methodOne" time="18.093"/>
  <testcase classname="IQ.IQ.FirstClass" name="methodOne" time="20.438"/>
  <testcase classname="IQ.IQ.FirstClass" name="methodOne" time="20.054"/>
  <testcase classname="IQ.IQ.FirstClass" name="methodOne" time="19.884"/>
  <testcase classname="IQ.IQ.FirstClass" name="methodOne" time="19.388"/>
  <testcase classname="IQ.IQ.FirstClass" name="methodOne" time="19.293"/>
  <testcase classname="IQ.IQ.FirstClass" name="methodOne" time="19.614"/>
  <testcase classname="IQ.IQ.FirstClass" name="methodOne" time="17.976"/>
  <testcase classname="IQ.IQ.FirstClass" name="methodOne" time="17.438"/>
  <testcase classname="IQ.IQ.FirstClass" name="methodOne" time="18.876"/>
  <testcase classname="IQ.IQ.FirstClass" name="methodOne" time="18.995"/>
  <testcase classname="IQ.IQ.FirstClass" name="methodOne" time="18.891"/>
  <testcase classname="IQ.IQ.FirstClass" name="methodOne" time="18.785"/>
  <testcase classname="IQ.IQ.FirstClass" name="methodOne" time="18.589"/>
  <testcase classname="IQ.IQ.FirstClass" name="methodOne" time="20.251"/>
  <testcase classname="IQ.IQ.FirstClass" name="methodOne" time="18.761"/>
  <testcase classname="IQ.IQ.FirstClass" name="methodOne" time="18.766"/>
  <testcase classname="IQ.IQ.FirstClass" name="methodOne" time="19.27"/>
  <testcase classname="IQ.IQ.FirstClass" name="methodOne" time="18.779"/>
  <testcase classname="IQ.IQ.FirstClass" name="methodOne" time="19.12"/>
  <testcase classname="IQ.IQ.FirstClass" name="methodOne" time="19.72"/>
  <testcase classname="IQ.IQ.FirstClass" name="methodOne" time="22.02"/>
  <testcase classname="IQ.IQ.FirstClass" name="methodOne" time="20.498"/>
  <testcase classname="IQ.IQ.FirstClass" name="methodOne" time="20.312"/>
  <testcase classname="IQ.IQ.FirstClass" name="methodOne" time="19.687"/>
  <testcase classname="IQ.IQ.FirstClass" name="methodOne" time="20.177"/>
  <testcase classname="IQ.IQ.FirstClass" name="methodOne" time="21.278"/>
  <testcase classname="IQ.IQ.FirstClass" name="methodOne" time="20.128"/>
  <testcase classname="IQ.IQ.FirstClass" name="methodOne" time="20.899"/>
  <testcase classname="IQ.IQ.FirstClass" name="methodOne" time="19.226"/>
  <testcase classname="IQ.IQ.FirstClass" name="methodOne" time="19.302"/>
  <testcase classname="IQ.IQ.FirstClass" name="methodOne" time="20.273"/>
  <testcase classname="IQ.IQ.FirstClass" name="methodOne" time="20.126"/>
  <testcase classname="IQ.IQ.FirstClass" name="methodOne" time="19.376"/>
  <testcase classname="IQ.IQ.FirstClass" name="methodOne" time="19.233"/>
  <testcase classname="IQ.IQ.FirstClass" name="methodOne" time="19.788"/>
  <testcase classname="IQ.IQ.FirstClass" name="methodOne" time="19.179"/>
  <testcase classname="IQ.IQ.FirstClass" name="methodOne" time="18.153"/>
  <testcase classname="IQ.IQ.FirstClass" name="methodOne" time="18.267"/>
  <testcase classname="IQ.IQ.FirstClass" name="methodOne" time="18.743"/>
  <testcase classname="IQ.IQ.FirstClass" name="methodOne" time="27.23"/>
  <testcase classname="IQ.IQ.FirstClass" name="methodOne" time="40.373"/>
  <testcase classname="IQ.IQ.FirstClass" name="methodOne" time="18.793"/>
  <testcase classname="IQ.IQ.FirstClass" name="methodOne" time="18.051"/>
  <testcase classname="IQ.IQ.FirstClass" name="methodOne" time="19.007"/>
  <testcase classname="IQ.IQ.FirstClass" name="methodOne" time="22.53"/>
  <testcase classname="IQ.IQ.FirstClass" name="methodOne" time="22.957"/>
  <testcase classname="IQ.IQ.FirstClass" name="methodOne" time="26.191"/>
  <testcase classname="IQ.IQ.FirstClass" name="methodOne" time="22.084"/>
  <testcase classname="IQ.IQ.FirstClass" name="methodOne" time="18.969"/>
</testsuite> <!-- Test -->
