<?xml version="1.0" encoding="UTF-8"?>
<!-- Generated by org.testng.reporters.JUnitXMLReporter -->
<testsuite ignored="0" hostname="Agam-PC" failures="0" tests="100" name="Test2" time="1955.711" errors="0" timestamp="2023-01-26T22:30:39 IST">
  <testcase classname="IQ.IQ.FirstClass" name="methodOne" time="28.623"/>
  <testcase classname="IQ.IQ.FirstClass" name="methodOne" time="20.982"/>
  <testcase classname="IQ.IQ.FirstClass" name="methodOne" time="19.565"/>
  <testcase classname="IQ.IQ.FirstClass" name="methodOne" time="19.772"/>
  <testcase classname="IQ.IQ.FirstClass" name="methodOne" time="18.698"/>
  <testcase classname="IQ.IQ.FirstClass" name="methodOne" time="19.351"/>
  <testcase classname="IQ.IQ.FirstClass" name="methodOne" time="19.185"/>
  <testcase classname="IQ.IQ.FirstClass" name="methodOne" time="19.26"/>
  <testcase classname="IQ.IQ.FirstClass" name="methodOne" time="18.642"/>
  <testcase classname="IQ.IQ.FirstClass" name="methodOne" time="19.126"/>
  <testcase classname="IQ.IQ.FirstClass" name="methodOne" time="18.793"/>
  <testcase classname="IQ.IQ.FirstClass" name="methodOne" time="20.536"/>
  <testcase classname="IQ.IQ.FirstClass" name="methodOne" time="20.519"/>
  <testcase classname="IQ.IQ.FirstClass" name="methodOne" time="19.192"/>
  <testcase classname="IQ.IQ.FirstClass" name="methodOne" time="18.936"/>
  <testcase classname="IQ.IQ.FirstClass" name="methodOne" time="17.556"/>
  <testcase classname="IQ.IQ.FirstClass" name="methodOne" time="18.139"/>
  <testcase classname="IQ.IQ.FirstClass" name="methodOne" time="17.323"/>
  <testcase classname="IQ.IQ.FirstClass" name="methodOne" time="18.614"/>
  <testcase classname="IQ.IQ.FirstClass" name="methodOne" time="18.46"/>
  <testcase classname="IQ.IQ.FirstClass" name="methodOne" time="17.719"/>
  <testcase classname="IQ.IQ.FirstClass" name="methodOne" time="19.02"/>
  <testcase classname="IQ.IQ.FirstClass" name="methodOne" time="17.662"/>
  <testcase classname="IQ.IQ.FirstClass" name="methodOne" time="18.256"/>
  <testcase classname="IQ.IQ.FirstClass" name="methodOne" time="17.919"/>
  <testcase classname="IQ.IQ.FirstClass" name="methodOne" time="18.64"/>
  <testcase classname="IQ.IQ.FirstClass" name="methodOne" time="18.727"/>
  <testcase classname="IQ.IQ.FirstClass" name="methodOne" time="17.895"/>
  <testcase classname="IQ.IQ.FirstClass" name="methodOne" time="19.362"/>
  <testcase classname="IQ.IQ.FirstClass" name="methodOne" time="18.96"/>
  <testcase classname="IQ.IQ.FirstClass" name="methodOne" time="19.263"/>
  <testcase classname="IQ.IQ.FirstClass" name="methodOne" time="19.999"/>
  <testcase classname="IQ.IQ.FirstClass" name="methodOne" time="20.756"/>
  <testcase classname="IQ.IQ.FirstClass" name="methodOne" time="18.33"/>
  <testcase classname="IQ.IQ.FirstClass" name="methodOne" time="17.836"/>
  <testcase classname="IQ.IQ.FirstClass" name="methodOne" time="18.301"/>
  <testcase classname="IQ.IQ.FirstClass" name="methodOne" time="17.751"/>
  <testcase classname="IQ.IQ.FirstClass" name="methodOne" time="18.687"/>
  <testcase classname="IQ.IQ.FirstClass" name="methodOne" time="19.51"/>
  <testcase classname="IQ.IQ.FirstClass" name="methodOne" time="19.613"/>
  <testcase classname="IQ.IQ.FirstClass" name="methodOne" time="17.993"/>
  <testcase classname="IQ.IQ.FirstClass" name="methodOne" time="18.158"/>
  <testcase classname="IQ.IQ.FirstClass" name="methodOne" time="18.598"/>
  <testcase classname="IQ.IQ.FirstClass" name="methodOne" time="18.266"/>
  <testcase classname="IQ.IQ.FirstClass" name="methodOne" time="17.852"/>
  <testcase classname="IQ.IQ.FirstClass" name="methodOne" time="18.497"/>
  <testcase classname="IQ.IQ.FirstClass" name="methodOne" time="19.34"/>
  <testcase classname="IQ.IQ.FirstClass" name="methodOne" time="18.435"/>
  <testcase classname="IQ.IQ.FirstClass" name="methodOne" time="18.337"/>
  <testcase classname="IQ.IQ.FirstClass" name="methodOne" time="18.005"/>
  <testcase classname="IQ.IQ.FirstClass" name="methodOne" time="18.363"/>
  <testcase classname="IQ.IQ.FirstClass" name="methodOne" time="18.556"/>
  <testcase classname="IQ.IQ.FirstClass" name="methodOne" time="19.496"/>
  <testcase classname="IQ.IQ.FirstClass" name="methodOne" time="18.751"/>
  <testcase classname="IQ.IQ.FirstClass" name="methodOne" time="20.049"/>
  <testcase classname="IQ.IQ.FirstClass" name="methodOne" time="20.181"/>
  <testcase classname="IQ.IQ.FirstClass" name="methodOne" time="19.469"/>
  <testcase classname="IQ.IQ.FirstClass" name="methodOne" time="18.966"/>
  <testcase classname="IQ.IQ.FirstClass" name="methodOne" time="17.655"/>
  <testcase classname="IQ.IQ.FirstClass" name="methodOne" time="17.591"/>
  <testcase classname="IQ.IQ.FirstClass" name="methodOne" time="18.432"/>
  <testcase classname="IQ.IQ.FirstClass" name="methodOne" time="18.837"/>
  <testcase classname="IQ.IQ.FirstClass" name="methodOne" time="18.886"/>
  <testcase classname="IQ.IQ.FirstClass" name="methodOne" time="18.087"/>
  <testcase classname="IQ.IQ.FirstClass" name="methodOne" time="19.389"/>
  <testcase classname="IQ.IQ.FirstClass" name="methodOne" time="18.771"/>
  <testcase classname="IQ.IQ.FirstClass" name="methodOne" time="18.013"/>
  <testcase classname="IQ.IQ.FirstClass" name="methodOne" time="18.858"/>
  <testcase classname="IQ.IQ.FirstClass" name="methodOne" time="18.991"/>
  <testcase classname="IQ.IQ.FirstClass" name="methodOne" time="18.473"/>
  <testcase classname="IQ.IQ.FirstClass" name="methodOne" time="19.509"/>
  <testcase classname="IQ.IQ.FirstClass" name="methodOne" time="22.32"/>
  <testcase classname="IQ.IQ.FirstClass" name="methodOne" time="21.257"/>
  <testcase classname="IQ.IQ.FirstClass" name="methodOne" time="20.339"/>
  <testcase classname="IQ.IQ.FirstClass" name="methodOne" time="18.917"/>
  <testcase classname="IQ.IQ.FirstClass" name="methodOne" time="20.06"/>
  <testcase classname="IQ.IQ.FirstClass" name="methodOne" time="21.206"/>
  <testcase classname="IQ.IQ.FirstClass" name="methodOne" time="20.398"/>
  <testcase classname="IQ.IQ.FirstClass" name="methodOne" time="20.734"/>
  <testcase classname="IQ.IQ.FirstClass" name="methodOne" time="19.152"/>
  <testcase classname="IQ.IQ.FirstClass" name="methodOne" time="19.734"/>
  <testcase classname="IQ.IQ.FirstClass" name="methodOne" time="19.876"/>
  <testcase classname="IQ.IQ.FirstClass" name="methodOne" time="19.483"/>
  <testcase classname="IQ.IQ.FirstClass" name="methodOne" time="19.666"/>
  <testcase classname="IQ.IQ.FirstClass" name="methodOne" time="19.696"/>
  <testcase classname="IQ.IQ.FirstClass" name="methodOne" time="19.596"/>
  <testcase classname="IQ.IQ.FirstClass" name="methodOne" time="18.68"/>
  <testcase classname="IQ.IQ.FirstClass" name="methodOne" time="18.061"/>
  <testcase classname="IQ.IQ.FirstClass" name="methodOne" time="18.513"/>
  <testcase classname="IQ.IQ.FirstClass" name="methodOne" time="18.606"/>
  <testcase classname="IQ.IQ.FirstClass" name="methodOne" time="18.248"/>
  <testcase classname="IQ.IQ.FirstClass" name="methodOne" time="47.924"/>
  <testcase classname="IQ.IQ.FirstClass" name="methodOne" time="19.688"/>
  <testcase classname="IQ.IQ.FirstClass" name="methodOne" time="18.424"/>
  <testcase classname="IQ.IQ.FirstClass" name="methodOne" time="18.947"/>
  <testcase classname="IQ.IQ.FirstClass" name="methodOne" time="20.04"/>
  <testcase classname="IQ.IQ.FirstClass" name="methodOne" time="24.237"/>
  <testcase classname="IQ.IQ.FirstClass" name="methodOne" time="27.592"/>
  <testcase classname="IQ.IQ.FirstClass" name="methodOne" time="21.705"/>
  <testcase classname="IQ.IQ.FirstClass" name="methodOne" time="18.128"/>
</testsuite> <!-- Test2 -->
