<?xml version="1.0" encoding="UTF-8"?>
<!-- Generated by org.testng.reporters.JUnitXMLReporter -->
<testsuite ignored="0" hostname="Agam-PC" failures="0" tests="100" name="Test6" time="1945.137" errors="0" timestamp="2023-01-26T22:30:28 IST">
  <testcase classname="IQ.IQ.FirstClass" name="methodOne" time="23.526"/>
  <testcase classname="IQ.IQ.FirstClass" name="methodOne" time="19.436"/>
  <testcase classname="IQ.IQ.FirstClass" name="methodOne" time="18.206"/>
  <testcase classname="IQ.IQ.FirstClass" name="methodOne" time="17.9"/>
  <testcase classname="IQ.IQ.FirstClass" name="methodOne" time="18.109"/>
  <testcase classname="IQ.IQ.FirstClass" name="methodOne" time="17.431"/>
  <testcase classname="IQ.IQ.FirstClass" name="methodOne" time="18.389"/>
  <testcase classname="IQ.IQ.FirstClass" name="methodOne" time="19.164"/>
  <testcase classname="IQ.IQ.FirstClass" name="methodOne" time="17.646"/>
  <testcase classname="IQ.IQ.FirstClass" name="methodOne" time="18.627"/>
  <testcase classname="IQ.IQ.FirstClass" name="methodOne" time="19.431"/>
  <testcase classname="IQ.IQ.FirstClass" name="methodOne" time="18.696"/>
  <testcase classname="IQ.IQ.FirstClass" name="methodOne" time="20.782"/>
  <testcase classname="IQ.IQ.FirstClass" name="methodOne" time="19.929"/>
  <testcase classname="IQ.IQ.FirstClass" name="methodOne" time="18.592"/>
  <testcase classname="IQ.IQ.FirstClass" name="methodOne" time="18.408"/>
  <testcase classname="IQ.IQ.FirstClass" name="methodOne" time="18.564"/>
  <testcase classname="IQ.IQ.FirstClass" name="methodOne" time="18.077"/>
  <testcase classname="IQ.IQ.FirstClass" name="methodOne" time="18.2"/>
  <testcase classname="IQ.IQ.FirstClass" name="methodOne" time="17.929"/>
  <testcase classname="IQ.IQ.FirstClass" name="methodOne" time="18.0"/>
  <testcase classname="IQ.IQ.FirstClass" name="methodOne" time="17.825"/>
  <testcase classname="IQ.IQ.FirstClass" name="methodOne" time="18.061"/>
  <testcase classname="IQ.IQ.FirstClass" name="methodOne" time="17.474"/>
  <testcase classname="IQ.IQ.FirstClass" name="methodOne" time="17.637"/>
  <testcase classname="IQ.IQ.FirstClass" name="methodOne" time="17.687"/>
  <testcase classname="IQ.IQ.FirstClass" name="methodOne" time="18.958"/>
  <testcase classname="IQ.IQ.FirstClass" name="methodOne" time="18.831"/>
  <testcase classname="IQ.IQ.FirstClass" name="methodOne" time="17.604"/>
  <testcase classname="IQ.IQ.FirstClass" name="methodOne" time="18.952"/>
  <testcase classname="IQ.IQ.FirstClass" name="methodOne" time="17.983"/>
  <testcase classname="IQ.IQ.FirstClass" name="methodOne" time="18.844"/>
  <testcase classname="IQ.IQ.FirstClass" name="methodOne" time="20.532"/>
  <testcase classname="IQ.IQ.FirstClass" name="methodOne" time="21.499"/>
  <testcase classname="IQ.IQ.FirstClass" name="methodOne" time="18.45"/>
  <testcase classname="IQ.IQ.FirstClass" name="methodOne" time="17.49"/>
  <testcase classname="IQ.IQ.FirstClass" name="methodOne" time="17.735"/>
  <testcase classname="IQ.IQ.FirstClass" name="methodOne" time="18.391"/>
  <testcase classname="IQ.IQ.FirstClass" name="methodOne" time="18.357"/>
  <testcase classname="IQ.IQ.FirstClass" name="methodOne" time="20.12"/>
  <testcase classname="IQ.IQ.FirstClass" name="methodOne" time="18.323"/>
  <testcase classname="IQ.IQ.FirstClass" name="methodOne" time="18.446"/>
  <testcase classname="IQ.IQ.FirstClass" name="methodOne" time="18.421"/>
  <testcase classname="IQ.IQ.FirstClass" name="methodOne" time="18.09"/>
  <testcase classname="IQ.IQ.FirstClass" name="methodOne" time="18.258"/>
  <testcase classname="IQ.IQ.FirstClass" name="methodOne" time="18.642"/>
  <testcase classname="IQ.IQ.FirstClass" name="methodOne" time="18.449"/>
  <testcase classname="IQ.IQ.FirstClass" name="methodOne" time="18.968"/>
  <testcase classname="IQ.IQ.FirstClass" name="methodOne" time="18.056"/>
  <testcase classname="IQ.IQ.FirstClass" name="methodOne" time="18.226"/>
  <testcase classname="IQ.IQ.FirstClass" name="methodOne" time="20.862"/>
  <testcase classname="IQ.IQ.FirstClass" name="methodOne" time="19.337"/>
  <testcase classname="IQ.IQ.FirstClass" name="methodOne" time="19.058"/>
  <testcase classname="IQ.IQ.FirstClass" name="methodOne" time="18.942"/>
  <testcase classname="IQ.IQ.FirstClass" name="methodOne" time="17.846"/>
  <testcase classname="IQ.IQ.FirstClass" name="methodOne" time="19.07"/>
  <testcase classname="IQ.IQ.FirstClass" name="methodOne" time="20.481"/>
  <testcase classname="IQ.IQ.FirstClass" name="methodOne" time="18.187"/>
  <testcase classname="IQ.IQ.FirstClass" name="methodOne" time="18.568"/>
  <testcase classname="IQ.IQ.FirstClass" name="methodOne" time="18.692"/>
  <testcase classname="IQ.IQ.FirstClass" name="methodOne" time="18.694"/>
  <testcase classname="IQ.IQ.FirstClass" name="methodOne" time="20.225"/>
  <testcase classname="IQ.IQ.FirstClass" name="methodOne" time="18.518"/>
  <testcase classname="IQ.IQ.FirstClass" name="methodOne" time="18.134"/>
  <testcase classname="IQ.IQ.FirstClass" name="methodOne" time="19.464"/>
  <testcase classname="IQ.IQ.FirstClass" name="methodOne" time="21.004"/>
  <testcase classname="IQ.IQ.FirstClass" name="methodOne" time="18.95"/>
  <testcase classname="IQ.IQ.FirstClass" name="methodOne" time="18.816"/>
  <testcase classname="IQ.IQ.FirstClass" name="methodOne" time="20.672"/>
  <testcase classname="IQ.IQ.FirstClass" name="methodOne" time="18.648"/>
  <testcase classname="IQ.IQ.FirstClass" name="methodOne" time="19.185"/>
  <testcase classname="IQ.IQ.FirstClass" name="methodOne" time="21.348"/>
  <testcase classname="IQ.IQ.FirstClass" name="methodOne" time="20.333"/>
  <testcase classname="IQ.IQ.FirstClass" name="methodOne" time="20.253"/>
  <testcase classname="IQ.IQ.FirstClass" name="methodOne" time="19.835"/>
  <testcase classname="IQ.IQ.FirstClass" name="methodOne" time="18.486"/>
  <testcase classname="IQ.IQ.FirstClass" name="methodOne" time="20.507"/>
  <testcase classname="IQ.IQ.FirstClass" name="methodOne" time="20.702"/>
  <testcase classname="IQ.IQ.FirstClass" name="methodOne" time="20.65"/>
  <testcase classname="IQ.IQ.FirstClass" name="methodOne" time="20.22"/>
  <testcase classname="IQ.IQ.FirstClass" name="methodOne" time="20.74"/>
  <testcase classname="IQ.IQ.FirstClass" name="methodOne" time="19.219"/>
  <testcase classname="IQ.IQ.FirstClass" name="methodOne" time="17.996"/>
  <testcase classname="IQ.IQ.FirstClass" name="methodOne" time="20.159"/>
  <testcase classname="IQ.IQ.FirstClass" name="methodOne" time="19.151"/>
  <testcase classname="IQ.IQ.FirstClass" name="methodOne" time="20.091"/>
  <testcase classname="IQ.IQ.FirstClass" name="methodOne" time="19.759"/>
  <testcase classname="IQ.IQ.FirstClass" name="methodOne" time="18.719"/>
  <testcase classname="IQ.IQ.FirstClass" name="methodOne" time="18.07"/>
  <testcase classname="IQ.IQ.FirstClass" name="methodOne" time="18.84"/>
  <testcase classname="IQ.IQ.FirstClass" name="methodOne" time="17.81"/>
  <testcase classname="IQ.IQ.FirstClass" name="methodOne" time="42.683"/>
  <testcase classname="IQ.IQ.FirstClass" name="methodOne" time="24.523"/>
  <testcase classname="IQ.IQ.FirstClass" name="methodOne" time="18.828"/>
  <testcase classname="IQ.IQ.FirstClass" name="methodOne" time="18.447"/>
  <testcase classname="IQ.IQ.FirstClass" name="methodOne" time="23.542"/>
  <testcase classname="IQ.IQ.FirstClass" name="methodOne" time="23.897"/>
  <testcase classname="IQ.IQ.FirstClass" name="methodOne" time="19.722"/>
  <testcase classname="IQ.IQ.FirstClass" name="methodOne" time="22.581"/>
  <testcase classname="IQ.IQ.FirstClass" name="methodOne" time="23.125"/>
</testsuite> <!-- Test6 -->
