<?xml version="1.0" encoding="UTF-8"?>
<testng-results ignored="0" total="1" passed="1" failed="0" skipped="0">
  <reporter-output>
  </reporter-output>
  <suite started-at="2023-03-11T10:59:00 IST" name="Default suite" finished-at="2023-03-11T10:59:08 IST" duration-ms="8637">
    <groups>
    </groups>
    <test started-at="2023-03-11T10:59:00 IST" name="Default test" finished-at="2023-03-11T10:59:08 IST" duration-ms="8637">
      <class name="IQ.IQ.ChromeTest">
        <test-method signature="abc()[pri:0, instance:IQ.IQ.ChromeTest@73e9cf30]" started-at="2023-03-11T10:59:00 IST" name="abc" finished-at="2023-03-11T10:59:08 IST" duration-ms="8581" status="PASS">
          <reporter-output>
          </reporter-output>
        </test-method> <!-- abc -->
      </class> <!-- IQ.IQ.ChromeTest -->
    </test> <!-- Default test -->
  </suite> <!-- Default suite -->
</testng-results>
